[1m[92m    Blocking[0m waiting for file lock on package cache
[1m[92m    Blocking[0m waiting for file lock on package cache
[1m[92m    Blocking[0m waiting for file lock on package cache
[1m[92m    Blocking[0m waiting for file lock on package cache
[1m[92m    Blocking[0m waiting for file lock on build directory
[1m[92m    Checking[0m clarity-core v0.1.0-dev (/home/lewis/src/clarity/clarity-core)
[1m[92m    Checking[0m libappindicator v0.9.0
[1m[92m    Checking[0m webkit2gtk v2.0.1
[1m[92m    Checking[0m muda v0.17.1
[1m[92m    Checking[0m tao v0.34.5
[1m[91merror[E0432][0m[1m: unresolved import `deadpool_sqlx`[0m
  [1m[94m--> [0mclarity-core/src/db/managed_pool.rs:18:5
   [1m[94m|[0m
[1m[94m18[0m [1m[94m|[0m use deadpool_sqlx::{Manager, Pool, Runtime};
   [1m[94m|[0m     [1m[91m^^^^^^^^^^^^^[0m [1m[91muse of unresolved module or unlinked crate `deadpool_sqlx`[0m
   [1m[94m|[0m
   [1m[94m= [0m[1mhelp[0m: if you wanted to use a crate named `deadpool_sqlx`, use `cargo add deadpool_sqlx` to add it to your `Cargo.toml`

[1m[91merror[E0433][0m[1m: failed to resolve: use of unresolved module or unlinked crate `deadpool_sqlx`[0m
   [1m[94m--> [0mclarity-core/src/db/managed_pool.rs:172:7
    [1m[94m|[0m
[1m[94m172[0m [1m[94m|[0m       deadpool_sqlx::sqlite::Config::default(),
    [1m[94m|[0m       [1m[91m^^^^^^^^^^^^^[0m [1m[91muse of unresolved module or unlinked crate `deadpool_sqlx`[0m
    [1m[94m|[0m
    [1m[94m= [0m[1mhelp[0m: if you wanted to use a crate named `deadpool_sqlx`, use `cargo add deadpool_sqlx` to add it to your `Cargo.toml`

[1m[91merror[E0433][0m[1m: failed to resolve: use of unresolved module or unlinked crate `deadpool`[0m
   [1m[94m--> [0mclarity-core/src/db/managed_pool.rs:176:23
    [1m[94m|[0m
[1m[94m176[0m [1m[94m|[0m     let pool_config = deadpool::managed::PoolConfig {
    [1m[94m|[0m                       [1m[91m^^^^^^^^[0m [1m[91muse of unresolved module or unlinked crate `deadpool`[0m
    [1m[94m|[0m
    [1m[94m= [0m[1mhelp[0m: if you wanted to use a crate named `deadpool`, use `cargo add deadpool` to add it to your `Cargo.toml`

[1m[91merror[E0433][0m[1m: failed to resolve: use of unresolved module or unlinked crate `deadpool_sqlx`[0m
   [1m[94m--> [0mclarity-core/src/db/managed_pool.rs:196:7
    [1m[94m|[0m
[1m[94m196[0m [1m[94m|[0m       deadpool_sqlx::postgres::Config::default(),
    [1m[94m|[0m       [1m[91m^^^^^^^^^^^^^[0m [1m[91muse of unresolved module or unlinked crate `deadpool_sqlx`[0m
    [1m[94m|[0m
    [1m[94m= [0m[1mhelp[0m: if you wanted to use a crate named `deadpool_sqlx`, use `cargo add deadpool_sqlx` to add it to your `Cargo.toml`

[1m[91merror[E0433][0m[1m: failed to resolve: use of unresolved module or unlinked crate `deadpool`[0m
   [1m[94m--> [0mclarity-core/src/db/managed_pool.rs:200:23
    [1m[94m|[0m
[1m[94m200[0m [1m[94m|[0m     let pool_config = deadpool::managed::PoolConfig {
    [1m[94m|[0m                       [1m[91m^^^^^^^^[0m [1m[91muse of unresolved module or unlinked crate `deadpool`[0m
    [1m[94m|[0m
    [1m[94m= [0m[1mhelp[0m: if you wanted to use a crate named `deadpool`, use `cargo add deadpool` to add it to your `Cargo.toml`

[1m[91merror[0m[1m: unused imports: `PgPool`, `SqlitePool`, `postgres::PgPoolOptions`, and `sqlite::SqlitePoolOptions`[0m
  [1m[94m--> [0mclarity-core/src/db/managed_pool.rs:19:12
   [1m[94m|[0m
[1m[94m19[0m [1m[94m|[0m use sqlx::{postgres::PgPoolOptions, sqlite::SqlitePoolOptions, PgPool, SqlitePool};
   [1m[94m|[0m            [1m[91m^^^^^^^^^^^^^^^^^^^^^^^[0m  [1m[91m^^^^^^^^^^^^^^^^^^^^^^^^^[0m  [1m[91m^^^^^^[0m  [1m[91m^^^^^^^^^^[0m
   [1m[94m|[0m
   [1m[94m= [0m[1mnote[0m: `-D unused-imports` implied by `-D warnings`
   [1m[94m= [0m[1mhelp[0m: to override `-D warnings` add `#[allow(unused_imports)]`

[1m[91merror[0m[1m: unused import: `tokio::time::timeout`[0m
  [1m[94m--> [0mclarity-core/src/db/managed_pool.rs:21:5
   [1m[94m|[0m
[1m[94m21[0m [1m[94m|[0m use tokio::time::timeout;
   [1m[94m|[0m     [1m[91m^^^^^^^^^^^^^^^^^^^^[0m

[1m[91merror[E0282][0m[1m: type annotations needed[0m
   [1m[94m--> [0mclarity-core/src/db/managed_pool.rs:220:20
    [1m[94m|[0m
[1m[94m220[0m [1m[94m|[0m           let conn = pool
    [1m[94m|[0m [1m[91m ____________________^[0m
[1m[94m221[0m [1m[94m|[0m [1m[91m|[0m           .get()
[1m[94m222[0m [1m[94m|[0m [1m[91m|[0m           .await
    [1m[94m|[0m [1m[91m|________________^[0m [1m[91mcannot infer type[0m

[1m[91merror[E0282][0m[1m: type annotations needed[0m
   [1m[94m--> [0mclarity-core/src/db/managed_pool.rs:223:21
    [1m[94m|[0m
[1m[94m223[0m [1m[94m|[0m           .map_err(|e| DbError::Connection(e.into()))?;
    [1m[94m|[0m                     [1m[91m^[0m                      [1m[94m-[0m [1m[94mtype must be known at this point[0m
    [1m[94m|[0m
[1m[96mhelp[0m: consider giving this closure parameter an explicit type
    [1m[94m|[0m
[1m[94m223[0m [1m[94m| [0m          .map_err(|e[92m: /* Type */[0m| DbError::Connection(e.into()))?;
    [1m[94m|[0m                      [92m++++++++++++[0m

[1m[91merror[E0282][0m[1m: type annotations needed[0m
   [1m[94m--> [0mclarity-core/src/db/managed_pool.rs:224:9
    [1m[94m|[0m
[1m[94m224[0m [1m[94m|[0m [1m[91m/[0m         sqlx::query("SELECT 1")
[1m[94m225[0m [1m[94m|[0m [1m[91m|[0m           .fetch_one(&*conn)
[1m[94m226[0m [1m[94m|[0m [1m[91m|[0m           .await
    [1m[94m|[0m [1m[91m|________________^[0m [1m[91mcannot infer type[0m

[1m[91merror[E0282][0m[1m: type annotations needed[0m
   [1m[94m--> [0mclarity-core/src/db/managed_pool.rs:230:20
    [1m[94m|[0m
[1m[94m230[0m [1m[94m|[0m           let conn = pool
    [1m[94m|[0m [1m[91m ____________________^[0m
[1m[94m231[0m [1m[94m|[0m [1m[91m|[0m           .get()
[1m[94m232[0m [1m[94m|[0m [1m[91m|[0m           .await
    [1m[94m|[0m [1m[91m|________________^[0m [1m[91mcannot infer type[0m

[1m[91merror[E0282][0m[1m: type annotations needed[0m
   [1m[94m--> [0mclarity-core/src/db/managed_pool.rs:233:21
    [1m[94m|[0m
[1m[94m233[0m [1m[94m|[0m           .map_err(|e| DbError::Connection(e.into()))?;
    [1m[94m|[0m                     [1m[91m^[0m                      [1m[94m-[0m [1m[94mtype must be known at this point[0m
    [1m[94m|[0m
[1m[96mhelp[0m: consider giving this closure parameter an explicit type
    [1m[94m|[0m
[1m[94m233[0m [1m[94m| [0m          .map_err(|e[92m: /* Type */[0m| DbError::Connection(e.into()))?;
    [1m[94m|[0m                      [92m++++++++++++[0m

[1m[91merror[E0282][0m[1m: type annotations needed[0m
   [1m[94m--> [0mclarity-core/src/db/managed_pool.rs:234:9
    [1m[94m|[0m
[1m[94m234[0m [1m[94m|[0m [1m[91m/[0m         sqlx::query("SELECT 1")
[1m[94m235[0m [1m[94m|[0m [1m[91m|[0m           .fetch_one(&*conn)
[1m[94m236[0m [1m[94m|[0m [1m[91m|[0m           .await
    [1m[94m|[0m [1m[91m|________________^[0m [1m[91mcannot infer type[0m

[1m[92m    Checking[0m tray-icon v0.21.3
[1m[91merror[E0282][0m[1m: type annotations needed[0m
   [1m[94m--> [0mclarity-core/src/db/managed_pool.rs:477:24
    [1m[94m|[0m
[1m[94m477[0m [1m[94m|[0m         let mut conn = p.get().await.map_err(|e| DbError::Connection(e.into())).unwrap();
    [1m[94m|[0m                        [1m[91m^^^^^^^^^^^^^[0m [1m[91mcannot infer type[0m

[1m[91merror[E0282][0m[1m: type annotations needed[0m
   [1m[94m--> [0mclarity-core/src/db/managed_pool.rs:477:47
    [1m[94m|[0m
[1m[94m477[0m [1m[94m|[0m         let mut conn = p.get().await.map_err(|e| DbError::Connection(e.into())).unwrap();
    [1m[94m|[0m                                               [1m[91m^[0m                      [1m[94m-[0m [1m[94mtype must be known at this point[0m
    [1m[94m|[0m
[1m[96mhelp[0m: consider giving this closure parameter an explicit type
    [1m[94m|[0m
[1m[94m477[0m [1m[94m| [0m        let mut conn = p.get().await.map_err(|e[92m: /* Type */[0m| DbError::Connection(e.into())).unwrap();
    [1m[94m|[0m                                                [92m++++++++++++[0m

[1m[91merror[E0282][0m[1m: type annotations needed[0m
   [1m[94m--> [0mclarity-core/src/db/managed_pool.rs:480:9
    [1m[94m|[0m
[1m[94m480[0m [1m[94m|[0m [1m[91m/[0m         sqlx::query("CREATE TABLE test (id INTEGER)")
[1m[94m481[0m [1m[94m|[0m [1m[91m|[0m           .execute(&mut *conn)
[1m[94m482[0m [1m[94m|[0m [1m[91m|[0m           .await
    [1m[94m|[0m [1m[91m|________________^[0m [1m[91mcannot infer type[0m

[1m[91merror[E0282][0m[1m: type annotations needed[0m
   [1m[94m--> [0mclarity-core/src/db/managed_pool.rs:503:13
    [1m[94m|[0m
[1m[94m503[0m [1m[94m|[0m         let result = p.get().await;
    [1m[94m|[0m             [1m[91m^^^^^^[0m
[1m[94m504[0m [1m[94m|[0m         assert!(result.is_ok(), "Should be able to acquire connection");
    [1m[94m|[0m                 [1m[94m------[0m [1m[94mtype must be known at this point[0m
    [1m[94m|[0m
[1m[96mhelp[0m: consider giving `result` an explicit type
    [1m[94m|[0m
[1m[94m503[0m [1m[94m| [0m        let result[92m: /* Type */[0m = p.get().await;
    [1m[94m|[0m                   [92m++++++++++++[0m

[1mSome errors have detailed explanations: E0282, E0432, E0433.[0m
[1mFor more information about an error, try `rustc --explain E0282`.[0m
[1m[91merror[0m: could not compile `clarity-core` (lib) due to 13 previous errors
[1m[33mwarning[0m: build failed, waiting for other jobs to finish...
[1m[91merror[0m: could not compile `clarity-core` (lib test) due to 17 previous errors