Diff in /home/lewis/src/clarity/clarity-client/src/analysis.rs:170:
     updated_at: i64,
   ) -> Result<Self, AnalysisError> {
     if title.trim().is_empty() {
[31m-      return Err(AnalysisError::InvalidInput("Title cannot be empty".to_string()));
(B[m[32m+      return Err(AnalysisError::InvalidInput(
(B[m[32m+        "Title cannot be empty".to_string(),
(B[m[32m+      ));
(B[m     }
     if summary.trim().is_empty() {
       return Err(AnalysisError::InvalidInput(
Diff in /home/lewis/src/clarity/clarity-client/src/analysis.rs:260:
 #[derive(Debug, Clone, PartialEq)]
 pub enum AnalysisError {
   /// Invalid confidence score
[31m-  InvalidConfidence {
(B[m[31m-    score: f64,
(B[m[31m-    valid_range: (f64, f64),
(B[m[31m-  },
(B[m[32m+  InvalidConfidence { score: f64, valid_range: (f64, f64) },
(B[m 
   /// Invalid input data
   InvalidInput(String),
Diff in /home/lewis/src/clarity/clarity-client/src/analysis.rs:658:
   #[test]
   fn test_analysis_error_display_invalid_input() {
     let error = AnalysisError::InvalidInput("Title cannot be empty".to_string());
[31m-    assert_eq!(
(B[m[31m-      format!("{}", error),
(B[m[31m-      "Invalid input: Title cannot be empty"
(B[m[31m-    );
(B[m[32m+    assert_eq!(format!("{}", error), "Invalid input: Title cannot be empty");
(B[m   }
 
   // Test 26: AnalysisError Display NotFound
Diff in /home/lewis/src/clarity/clarity-core/src/types.rs:480:
   }
 
   #[allow(clippy::unwrap_used)]
[31m-#[allow(clippy::disallowed_methods)]
(B[m[32m+  #[allow(clippy::disallowed_methods)]
(B[m   #[allow(clippy::panic)]
   #[test]
   fn test_url_scheme() {
Diff in /home/lewis/src/clarity/clarity-core/src/types.rs:491:
   }
 
   #[allow(clippy::unwrap_used)]
[31m-#[allow(clippy::disallowed_methods)]
(B[m[32m+  #[allow(clippy::disallowed_methods)]
(B[m   #[allow(clippy::panic)]
   #[test]
   fn test_url_without_fragment() {
Diff in /home/lewis/src/clarity/clarity-core/src/types.rs:506:
   }
 
   #[allow(clippy::unwrap_used)]
[31m-#[allow(clippy::disallowed_methods)]
(B[m[32m+  #[allow(clippy::disallowed_methods)]
(B[m   #[allow(clippy::panic)]
   #[test]
   fn test_url_with_path() {
Diff in /home/lewis/src/clarity/clarity-core/src/types.rs:516:
   }
 
   #[allow(clippy::unwrap_used)]
[31m-#[allow(clippy::disallowed_methods)]
(B[m[32m+  #[allow(clippy::disallowed_methods)]
(B[m   #[allow(clippy::panic)]
   #[test]
   fn test_url_with_query() {
Diff in /home/lewis/src/clarity/clarity-core/src/types.rs:526:
   }
 
   #[allow(clippy::unwrap_used)]
[31m-#[allow(clippy::disallowed_methods)]
(B[m[32m+  #[allow(clippy::disallowed_methods)]
(B[m   #[allow(clippy::panic)]
   #[test]
   fn test_url_host() {
Diff in /home/lewis/src/clarity/clarity-core/src/types.rs:535:
   }
 
   #[allow(clippy::unwrap_used)]
[31m-#[allow(clippy::disallowed_methods)]
(B[m[32m+  #[allow(clippy::disallowed_methods)]
(B[m   #[allow(clippy::panic)]
   #[test]
   fn test_url_path() {
Diff in /home/lewis/src/clarity/clarity-core/src/types.rs:547:
   }
 
   #[allow(clippy::unwrap_used)]
[31m-#[allow(clippy::disallowed_methods)]
(B[m[32m+  #[allow(clippy::disallowed_methods)]
(B[m   #[allow(clippy::panic)]
   #[test]
   fn test_url_query() {
Diff in /home/lewis/src/clarity/clarity-core/src/types.rs:559:
   }
 
   #[allow(clippy::unwrap_used)]
[31m-#[allow(clippy::disallowed_methods)]
(B[m[32m+  #[allow(clippy::disallowed_methods)]
(B[m   #[allow(clippy::panic)]
   #[test]
   fn test_url_fragment() {
Diff in /home/lewis/src/clarity/clarity-core/src/types.rs:571:
   }
 
   #[allow(clippy::unwrap_used)]
[31m-#[allow(clippy::disallowed_methods)]
(B[m[32m+  #[allow(clippy::disallowed_methods)]
(B[m   #[allow(clippy::panic)]
   #[test]
   fn test_url_complex_components() {