Diff in /home/lewis/src/clarity/clarity-client/src/beads.rs:7:
 // This is a framework limitation, not our code using unwrap.
 #![allow(clippy::disallowed_methods)]
 
[31m-use dioxus::prelude::*;
(B[m use crate::ApiError;
[32m+use dioxus::prelude::*;
(B[m 
 /// Bead summary for list display
 #[derive(Clone, Debug, PartialEq, Eq)]
Diff in /home/lewis/src/clarity/clarity-client/src/main.rs:37:
     DesktopLauncher, LauncherConfig, LauncherError, WindowGeometry, WindowStateManager,
   };
   use dioxus::prelude::*;
[31m-  use dioxus_desktop::{
(B[m[31m-    tao::window::WindowBuilder as TaoWindowBuilder, Config, WindowBuilder,
(B[m[31m-  };
(B[m[32m+  use dioxus_desktop::{tao::window::WindowBuilder as TaoWindowBuilder, Config, WindowBuilder};
(B[m 
   // ==============================================================================
   // WINDOW CONFIGURATION
Diff in /home/lewis/src/clarity/clarity-client/src/main.rs:61:
   };
 
   // Try to load saved window state, fall back to defaults
[31m-  let geometry = WindowStateManager::load_geometry()
(B[m[31m-    .unwrap_or_else(|_| default_geometry.clone());
(B[m[32m+  let geometry = WindowStateManager::load_geometry().unwrap_or_else(|_| default_geometry.clone());
(B[m 
   // ==============================================================================
   // DESKTOP LAUNCHER CONFIGURATION
Diff in /home/lewis/src/clarity/clarity-client/src/main.rs:78:
 
   // Build window configuration
   let mut window_builder = WindowBuilder::new();
[31m-  window_builder = window_builder
(B[m[31m-    .with_title("Clarity")
(B[m[31m-    .with_inner_size(geometry.width.unwrap_or(1200.0), geometry.height.unwrap_or(800.0));
(B[m[32m+  window_builder = window_builder.with_title("Clarity").with_inner_size(
(B[m[32m+    geometry.width.unwrap_or(1200.0),
(B[m[32m+    geometry.height.unwrap_or(800.0),
(B[m[32m+  );
(B[m 
   if let Some(min_width) = geometry.min_width {
[31m-    window_builder = window_builder.with_min_inner_size(min_width, geometry.min_height.unwrap_or(600.0));
(B[m[32m+    window_builder =
(B[m[32m+      window_builder.with_min_inner_size(min_width, geometry.min_height.unwrap_or(600.0));
(B[m   }
 
   if let Some(x) = geometry.x {
Diff in /home/lewis/src/clarity/clarity-client/src/main.rs:144:
     let min_width = 800.0;
     let min_height = 600.0;
 
[31m-    assert!(width >= min_width, "Window width should be >= minimum width");
(B[m[31m-    assert!(height >= min_height, "Window height should be >= minimum height");
(B[m[32m+    assert!(
(B[m[32m+      width >= min_width,
(B[m[32m+      "Window width should be >= minimum width"
(B[m[32m+    );
(B[m[32m+    assert!(
(B[m[32m+      height >= min_height,
(B[m[32m+      "Window height should be >= minimum height"
(B[m[32m+    );
(B[m     assert!(min_width >= 640.0, "Minimum width should be at least 640px");
[31m-    assert!(min_height >= 480.0, "Minimum height should be at least 480px");
(B[m[32m+    assert!(
(B[m[32m+      min_height >= 480.0,
(B[m[32m+      "Minimum height should be at least 480px"
(B[m[32m+    );
(B[m   }
 
   /// Test window title is configured
Diff in /home/lewis/src/clarity/clarity-client/src/main.rs:169:
   #[test]
   fn test_window_has_decorations() {
     let decorations = true;
[31m-    assert!(decorations, "Window should have decorations (title bar, etc.)");
(B[m[32m+    assert!(
(B[m[32m+      decorations,
(B[m[32m+      "Window should have decorations (title bar, etc.)"
(B[m[32m+    );
(B[m   }
 
   /// Test window is not always on top
Diff in /home/lewis/src/clarity/clarity-client/src/main.rs:176:
   #[test]
   fn test_window_is_not_always_on_top() {
     let always_on_top = false;
[31m-    assert!(!always_on_top, "Window should not be always on top by default");
(B[m[32m+    assert!(
(B[m[32m+      !always_on_top,
(B[m[32m+      "Window should not be always on top by default"
(B[m[32m+    );
(B[m   }
 
   /// Test zero-unwrap policy in main
Diff in /home/lewis/src/clarity/clarity-core/tests/build_optimization_test.rs:10:
 #[test]
 fn test_lto_enabled_in_release() -> Result<(), Box<dyn std::error::Error>> {
   // Try workspace Cargo.toml first, then local
[31m-  let cargo_toml = std::fs::read_to_string("../Cargo.toml")
(B[m[31m-    .or_else(|_| std::fs::read_to_string("Cargo.toml"))?;
(B[m[32m+  let cargo_toml =
(B[m[32m+    std::fs::read_to_string("../Cargo.toml").or_else(|_| std::fs::read_to_string("Cargo.toml"))?;
(B[m 
   // Verify LTO is enabled
   assert!(