Diff in /home/lewis/src/clarity/clarity-core/src/path_utils.rs:138:
     return Err(PathError::EmptyPath);
   }
 
[31m-  Ok(Path::new(path)
(B[m[31m-    .parent()
(B[m[31m-    .map_or(String::new(), |p| {
(B[m[31m-      p.to_str().map_or(String::new(), String::from)
(B[m[31m-    }))
(B[m[32m+  Ok(Path::new(path).parent().map_or(String::new(), |p| {
(B[m[32m+    p.to_str().map_or(String::new(), String::from)
(B[m[32m+  }))
(B[m }
 
 /// Join two path components
Diff in /home/lewis/src/clarity/clarity-core/src/path_utils.rs:190:
 
   let normalized = Path::new(path)
     .components()
[31m-    .fold(PathBuf::new(), |acc, comp| {
(B[m[31m-      match comp {
(B[m[31m-        std::path::Component::ParentDir => {
(B[m[31m-          acc.parent().map_or_else(|| acc.clone(), Path::to_path_buf)
(B[m[31m-        }
(B[m[31m-        std::path::Component::CurDir => acc,
(B[m[31m-        _ => acc.join(comp),
(B[m[32m+    .fold(PathBuf::new(), |acc, comp| match comp {
(B[m[32m+      std::path::Component::ParentDir => {
(B[m[32m+        acc.parent().map_or_else(|| acc.clone(), Path::to_path_buf)
(B[m       }
[32m+      std::path::Component::CurDir => acc,
(B[m[32m+      _ => acc.join(comp),
(B[m     });
 
   normalized
Diff in /home/lewis/src/clarity/clarity-core/src/path_utils.rs:319:
   // get_parent tests
   #[test]
   fn test_get_parent_absolute() {
[31m-    assert_eq!(get_parent("/path/to/file.txt").unwrap().as_str(), "/path/to");
(B[m[32m+    assert_eq!(
(B[m[32m+      get_parent("/path/to/file.txt").unwrap().as_str(),
(B[m[32m+      "/path/to"
(B[m[32m+    );
(B[m     assert_eq!(get_parent("/path/to/").unwrap().as_str(), "/path");
   }
 
Diff in /home/lewis/src/clarity/clarity-core/src/path_utils.rs:360:
 
   #[test]
   fn test_join_paths_absolute_second() {
[31m-    assert_eq!(
(B[m[31m-      join_paths("/path/to", "/absolute").unwrap(),
(B[m[31m-      "/absolute"
(B[m[31m-    );
(B[m[32m+    assert_eq!(join_paths("/path/to", "/absolute").unwrap(), "/absolute");
(B[m   }
 
   #[test]
Diff in /home/lewis/src/clarity/clarity-core/src/path_utils.rs:420:
 
   #[test]
   fn test_normalize_path_already_normalized() {
[31m-    assert_eq!(normalize_path("/path/to/file.txt").unwrap(), "/path/to/file.txt");
(B[m[32m+    assert_eq!(
(B[m[32m+      normalize_path("/path/to/file.txt").unwrap(),
(B[m[32m+      "/path/to/file.txt"
(B[m[32m+    );
(B[m   }
 
   #[test]
