[1m[92m    Blocking[0m waiting for file lock on build directory
[1m[92m    Checking[0m clarity-core v0.1.0-dev (/home/lewis/src/clarity/clarity-core)
[1m[92m    Checking[0m clarity-client v0.1.0-dev (/home/lewis/src/clarity/clarity-client)
[1m[92m    Checking[0m clarity-server v0.1.0-dev (/home/lewis/src/clarity/clarity-server)
[1m[33mwarning[0m[1m: unused import: `std::process::Command`[0m
 [1m[94m--> [0mclarity-core/tests/build_optimization_test.rs:7:5
  [1m[94m|[0m
[1m[94m7[0m [1m[94m|[0m use std::process::Command;
  [1m[94m|[0m     [1m[33m^^^^^^^^^^^^^^^^^^^^^[0m
  [1m[94m|[0m
  [1m[94m= [0m[1mnote[0m: `#[warn(unused_imports)]` (part of `#[warn(unused)]`) on by default

[1m[33mwarning[0m: `clarity-core` (test "build_optimization_test") generated 1 warning (run `cargo fix --test "build_optimization_test" -p clarity-core` to apply 1 suggestion)
[1m[91merror[0m[1m: expected identifier[0m
  [1m[94m--> [0mclarity-client/src/beads.rs:83:32
   [1m[94m|[0m
[1m[94m83[0m [1m[94m|[0m                           beads.read().iter().map(|bead| {
   [1m[94m|[0m                                [1m[91m^[0m

[1m[91merror[0m[1m: expected identifier[0m
   [1m[94m--> [0mclarity-client/src/beads.rs:112:23
    [1m[94m|[0m
[1m[94m112[0m [1m[94m|[0m                   bead.labels.iter().map(|label| {
    [1m[94m|[0m                       [1m[91m^[0m

[1m[33mwarning[0m[1m: unused import: `std::result::Result`[0m
  [1m[94m--> [0mclarity-client/src/beads.rs:11:5
   [1m[94m|[0m
[1m[94m11[0m [1m[94m|[0m use std::result::Result;
   [1m[94m|[0m     [1m[33m^^^^^^^^^^^^^^^^^^^[0m
   [1m[94m|[0m
   [1m[94m= [0m[1mnote[0m: `#[warn(unused_imports)]` (part of `#[warn(unused)]`) on by default

[1m[33mwarning[0m: `clarity-client` (lib) generated 1 warning
[1m[91merror[0m: could not compile `clarity-client` (lib) due to 2 previous errors; 1 warning emitted
[1m[33mwarning[0m: build failed, waiting for other jobs to finish...
[1m[33mwarning[0m: `clarity-client` (lib test) generated 1 warning (1 duplicate)
[1m[91merror[0m: could not compile `clarity-client` (lib test) due to 2 previous errors; 1 warning emitted